<?xml version="1.0" encoding="UTF-8"?>
<testsuite xmlns:xsi="http://www.w3.org/2001/XMLSchema-instance" xsi:noNamespaceSchemaLocation="https://maven.apache.org/surefire/maven-surefire-plugin/xsd/surefire-test-report-3.0.xsd" version="3.0" name="runner.testrunner" time="8.614" tests="1" errors="0" skipped="0" failures="0">
  <properties>
    <property name="awt.toolkit" value="sun.awt.X11.XToolkit"/>
    <property name="java.specification.version" value="11"/>
    <property name="sun.cpu.isalist" value=""/>
    <property name="sun.jnu.encoding" value="UTF-8"/>
    <property name="java.class.path" value="/home/felima/Personal/interview-template/target/test-classes:/home/felima/Personal/interview-template/target/classes:/home/felima/.m2/repository/io/cucumber/cucumber-java/6.8.1/cucumber-java-6.8.1.jar:/home/felima/.m2/repository/io/cucumber/cucumber-core/6.8.1/cucumber-core-6.8.1.jar:/home/felima/.m2/repository/io/cucumber/cucumber-gherkin/6.8.1/cucumber-gherkin-6.8.1.jar:/home/felima/.m2/repository/io/cucumber/cucumber-gherkin-messages/6.8.1/cucumber-gherkin-messages-6.8.1.jar:/home/felima/.m2/repository/io/cucumber/tag-expressions/3.0.0/tag-expressions-3.0.0.jar:/home/felima/.m2/repository/io/cucumber/cucumber-expressions/10.3.0/cucumber-expressions-10.3.0.jar:/home/felima/.m2/repository/io/cucumber/datatable/3.5.0/datatable-3.5.0.jar:/home/felima/.m2/repository/io/cucumber/cucumber-plugin/6.8.1/cucumber-plugin-6.8.1.jar:/home/felima/.m2/repository/io/cucumber/docstring/6.8.1/docstring-6.8.1.jar:/home/felima/.m2/repository/io/cucumber/html-formatter/9.0.0/html-formatter-9.0.0.jar:/home/felima/.m2/repository/io/cucumber/create-meta/2.0.2/create-meta-2.0.2.jar:/home/felima/.m2/repository/org/apiguardian/apiguardian-api/1.1.0/apiguardian-api-1.1.0.jar:/home/felima/.m2/repository/io/cucumber/cucumber-picocontainer/6.8.1/cucumber-picocontainer-6.8.1.jar:/home/felima/.m2/repository/org/picocontainer/picocontainer/2.15/picocontainer-2.15.jar:/home/felima/.m2/repository/io/cucumber/cucumber-junit/6.8.1/cucumber-junit-6.8.1.jar:/home/felima/.m2/repository/io/cucumber/gherkin/15.0.2/gherkin-15.0.2.jar:/home/felima/.m2/repository/io/cucumber/messages/13.2.1/messages-13.2.1.jar:/home/felima/.m2/repository/org/seleniumhq/selenium/selenium-java/3.7.1/selenium-java-3.7.1.jar:/home/felima/.m2/repository/org/seleniumhq/selenium/selenium-api/3.7.1/selenium-api-3.7.1.jar:/home/felima/.m2/repository/org/seleniumhq/selenium/selenium-chrome-driver/3.7.1/selenium-chrome-driver-3.7.1.jar:/home/felima/.m2/repository/org/seleniumhq/selenium/selenium-edge-driver/3.7.1/selenium-edge-driver-3.7.1.jar:/home/felima/.m2/repository/org/seleniumhq/selenium/selenium-firefox-driver/3.7.1/selenium-firefox-driver-3.7.1.jar:/home/felima/.m2/repository/org/seleniumhq/selenium/selenium-ie-driver/3.7.1/selenium-ie-driver-3.7.1.jar:/home/felima/.m2/repository/org/seleniumhq/selenium/selenium-opera-driver/3.7.1/selenium-opera-driver-3.7.1.jar:/home/felima/.m2/repository/org/seleniumhq/selenium/selenium-remote-driver/3.7.1/selenium-remote-driver-3.7.1.jar:/home/felima/.m2/repository/org/seleniumhq/selenium/selenium-safari-driver/3.7.1/selenium-safari-driver-3.7.1.jar:/home/felima/.m2/repository/org/seleniumhq/selenium/selenium-support/3.7.1/selenium-support-3.7.1.jar:/home/felima/.m2/repository/net/bytebuddy/byte-buddy/1.7.5/byte-buddy-1.7.5.jar:/home/felima/.m2/repository/org/apache/commons/commons-exec/1.3/commons-exec-1.3.jar:/home/felima/.m2/repository/commons-codec/commons-codec/1.10/commons-codec-1.10.jar:/home/felima/.m2/repository/commons-logging/commons-logging/1.2/commons-logging-1.2.jar:/home/felima/.m2/repository/com/google/code/gson/gson/2.8.2/gson-2.8.2.jar:/home/felima/.m2/repository/com/google/guava/guava/23.0/guava-23.0.jar:/home/felima/.m2/repository/com/google/code/findbugs/jsr305/1.3.9/jsr305-1.3.9.jar:/home/felima/.m2/repository/com/google/errorprone/error_prone_annotations/2.0.18/error_prone_annotations-2.0.18.jar:/home/felima/.m2/repository/com/google/j2objc/j2objc-annotations/1.1/j2objc-annotations-1.1.jar:/home/felima/.m2/repository/org/codehaus/mojo/animal-sniffer-annotations/1.14/animal-sniffer-annotations-1.14.jar:/home/felima/.m2/repository/org/apache/httpcomponents/httpclient/4.5.3/httpclient-4.5.3.jar:/home/felima/.m2/repository/org/apache/httpcomponents/httpcore/4.4.6/httpcore-4.4.6.jar:/home/felima/.m2/repository/junit/junit/4.12/junit-4.12.jar:/home/felima/.m2/repository/org/hamcrest/hamcrest-core/1.3/hamcrest-core-1.3.jar:/home/felima/.m2/repository/org/json/json/20210307/json-20210307.jar:"/>
    <property name="java.vm.vendor" value="Oracle Corporation"/>
    <property name="sun.arch.data.model" value="64"/>
    <property name="java.vendor.url" value="https://openjdk.java.net/"/>
    <property name="user.timezone" value=""/>
    <property name="java.vm.specification.version" value="11"/>
    <property name="os.name" value="Linux"/>
    <property name="sun.java.launcher" value="SUN_STANDARD"/>
    <property name="user.country" value="US"/>
    <property name="sun.boot.library.path" value="/usr/java/jdk-11.0.11/lib"/>
    <property name="sun.java.command" value="/home/felima/Personal/interview-template/target/surefire/surefirebooter126556644213715810.jar /home/felima/Personal/interview-template/target/surefire 2022-02-13T12-16-54_441-jvmRun1 surefire9220897778356510719tmp surefire_08491544383661943461tmp"/>
    <property name="jdk.debug" value="release"/>
    <property name="surefire.test.class.path" value="/home/felima/Personal/interview-template/target/test-classes:/home/felima/Personal/interview-template/target/classes:/home/felima/.m2/repository/io/cucumber/cucumber-java/6.8.1/cucumber-java-6.8.1.jar:/home/felima/.m2/repository/io/cucumber/cucumber-core/6.8.1/cucumber-core-6.8.1.jar:/home/felima/.m2/repository/io/cucumber/cucumber-gherkin/6.8.1/cucumber-gherkin-6.8.1.jar:/home/felima/.m2/repository/io/cucumber/cucumber-gherkin-messages/6.8.1/cucumber-gherkin-messages-6.8.1.jar:/home/felima/.m2/repository/io/cucumber/tag-expressions/3.0.0/tag-expressions-3.0.0.jar:/home/felima/.m2/repository/io/cucumber/cucumber-expressions/10.3.0/cucumber-expressions-10.3.0.jar:/home/felima/.m2/repository/io/cucumber/datatable/3.5.0/datatable-3.5.0.jar:/home/felima/.m2/repository/io/cucumber/cucumber-plugin/6.8.1/cucumber-plugin-6.8.1.jar:/home/felima/.m2/repository/io/cucumber/docstring/6.8.1/docstring-6.8.1.jar:/home/felima/.m2/repository/io/cucumber/html-formatter/9.0.0/html-formatter-9.0.0.jar:/home/felima/.m2/repository/io/cucumber/create-meta/2.0.2/create-meta-2.0.2.jar:/home/felima/.m2/repository/org/apiguardian/apiguardian-api/1.1.0/apiguardian-api-1.1.0.jar:/home/felima/.m2/repository/io/cucumber/cucumber-picocontainer/6.8.1/cucumber-picocontainer-6.8.1.jar:/home/felima/.m2/repository/org/picocontainer/picocontainer/2.15/picocontainer-2.15.jar:/home/felima/.m2/repository/io/cucumber/cucumber-junit/6.8.1/cucumber-junit-6.8.1.jar:/home/felima/.m2/repository/io/cucumber/gherkin/15.0.2/gherkin-15.0.2.jar:/home/felima/.m2/repository/io/cucumber/messages/13.2.1/messages-13.2.1.jar:/home/felima/.m2/repository/org/seleniumhq/selenium/selenium-java/3.7.1/selenium-java-3.7.1.jar:/home/felima/.m2/repository/org/seleniumhq/selenium/selenium-api/3.7.1/selenium-api-3.7.1.jar:/home/felima/.m2/repository/org/seleniumhq/selenium/selenium-chrome-driver/3.7.1/selenium-chrome-driver-3.7.1.jar:/home/felima/.m2/repository/org/seleniumhq/selenium/selenium-edge-driver/3.7.1/selenium-edge-driver-3.7.1.jar:/home/felima/.m2/repository/org/seleniumhq/selenium/selenium-firefox-driver/3.7.1/selenium-firefox-driver-3.7.1.jar:/home/felima/.m2/repository/org/seleniumhq/selenium/selenium-ie-driver/3.7.1/selenium-ie-driver-3.7.1.jar:/home/felima/.m2/repository/org/seleniumhq/selenium/selenium-opera-driver/3.7.1/selenium-opera-driver-3.7.1.jar:/home/felima/.m2/repository/org/seleniumhq/selenium/selenium-remote-driver/3.7.1/selenium-remote-driver-3.7.1.jar:/home/felima/.m2/repository/org/seleniumhq/selenium/selenium-safari-driver/3.7.1/selenium-safari-driver-3.7.1.jar:/home/felima/.m2/repository/org/seleniumhq/selenium/selenium-support/3.7.1/selenium-support-3.7.1.jar:/home/felima/.m2/repository/net/bytebuddy/byte-buddy/1.7.5/byte-buddy-1.7.5.jar:/home/felima/.m2/repository/org/apache/commons/commons-exec/1.3/commons-exec-1.3.jar:/home/felima/.m2/repository/commons-codec/commons-codec/1.10/commons-codec-1.10.jar:/home/felima/.m2/repository/commons-logging/commons-logging/1.2/commons-logging-1.2.jar:/home/felima/.m2/repository/com/google/code/gson/gson/2.8.2/gson-2.8.2.jar:/home/felima/.m2/repository/com/google/guava/guava/23.0/guava-23.0.jar:/home/felima/.m2/repository/com/google/code/findbugs/jsr305/1.3.9/jsr305-1.3.9.jar:/home/felima/.m2/repository/com/google/errorprone/error_prone_annotations/2.0.18/error_prone_annotations-2.0.18.jar:/home/felima/.m2/repository/com/google/j2objc/j2objc-annotations/1.1/j2objc-annotations-1.1.jar:/home/felima/.m2/repository/org/codehaus/mojo/animal-sniffer-annotations/1.14/animal-sniffer-annotations-1.14.jar:/home/felima/.m2/repository/org/apache/httpcomponents/httpclient/4.5.3/httpclient-4.5.3.jar:/home/felima/.m2/repository/org/apache/httpcomponents/httpcore/4.4.6/httpcore-4.4.6.jar:/home/felima/.m2/repository/junit/junit/4.12/junit-4.12.jar:/home/felima/.m2/repository/org/hamcrest/hamcrest-core/1.3/hamcrest-core-1.3.jar:/home/felima/.m2/repository/org/json/json/20210307/json-20210307.jar:"/>
    <property name="sun.cpu.endian" value="little"/>
    <property name="user.home" value="/home/felima"/>
    <property name="user.language" value="en"/>
    <property name="java.specification.vendor" value="Oracle Corporation"/>
    <property name="java.version.date" value="2021-04-20"/>
    <property name="java.home" value="/usr/java/jdk-11.0.11"/>
    <property name="file.separator" value="/"/>
    <property name="basedir" value="/home/felima/Personal/interview-template"/>
    <property name="java.vm.compressedOopsMode" value="Zero based"/>
    <property name="line.separator" value="&#10;"/>
    <property name="java.specification.name" value="Java Platform API Specification"/>
    <property name="java.vm.specification.vendor" value="Oracle Corporation"/>
    <property name="java.awt.graphicsenv" value="sun.awt.X11GraphicsEnvironment"/>
    <property name="surefire.real.class.path" value="/home/felima/Personal/interview-template/target/surefire/surefirebooter126556644213715810.jar"/>
    <property name="sun.management.compiler" value="HotSpot 64-Bit Tiered Compilers"/>
    <property name="java.runtime.version" value="11.0.11+9-LTS-194"/>
    <property name="user.name" value="felima"/>
    <property name="path.separator" value=":"/>
    <property name="os.version" value="5.16.5-100.fc34.x86_64"/>
    <property name="java.runtime.name" value="Java(TM) SE Runtime Environment"/>
    <property name="file.encoding" value="UTF-8"/>
    <property name="java.vm.name" value="Java HotSpot(TM) 64-Bit Server VM"/>
    <property name="java.vendor.version" value="18.9"/>
    <property name="localRepository" value="/home/felima/.m2/repository"/>
    <property name="java.vendor.url.bug" value="https://bugreport.java.com/bugreport/"/>
    <property name="java.io.tmpdir" value="/tmp"/>
    <property name="idea.version" value="2020.3.4"/>
    <property name="java.version" value="11.0.11"/>
    <property name="user.dir" value="/home/felima/Personal/interview-template"/>
    <property name="os.arch" value="amd64"/>
    <property name="java.vm.specification.name" value="Java Virtual Machine Specification"/>
    <property name="java.awt.printerjob" value="sun.print.PSPrinterJob"/>
    <property name="sun.os.patch.level" value="unknown"/>
    <property name="java.library.path" value="/usr/java/packages/lib:/usr/lib64:/lib64:/lib:/usr/lib"/>
    <property name="java.vendor" value="Oracle Corporation"/>
    <property name="java.vm.info" value="mixed mode"/>
    <property name="java.vm.version" value="11.0.11+9-LTS-194"/>
    <property name="sun.io.unicode.encoding" value="UnicodeLittle"/>
    <property name="java.class.version" value="55.0"/>
  </properties>
  <testcase name="Successive blocks should be well chained" classname="Blocks Chaining" time="8.412">
    <system-out><![CDATA[
Scenario: Successive blocks should be well chained                  # src/test/resources/features/test_block_chain.feature:4
  Given the initial block number 15                                 # step_definitions.BlockChainStepDefinitions.theInitialBlockNumber(int)
  When I check the next 5 blocks                                    # step_definitions.BlockChainStepDefinitions.iCheckTheNextBlocks(int)
  Then I should be able to follow the chain up to the initial block # step_definitions.BlockChainStepDefinitions.iShouldBeAbleToFollowTheChainUpToTheInitialBlock()
]]></system-out>
    <system-err><![CDATA[Starting ChromeDriver 98.0.4758.80 (7f0488e8ba0d8e019187c6325a16c29d9b7f4989-refs/branch-heads/4758@{#972}) on port 30488
Only local connections are allowed.
Please see https://chromedriver.chromium.org/security-considerations for suggestions on keeping ChromeDriver safe.
ChromeDriver was started successfully.
Feb 13, 2022 12:16:55 PM org.openqa.selenium.remote.ProtocolHandshake createSession
INFO: Detected dialect: W3C
]]></system-err>
  </testcase>
</testsuite>